<?xml version="1.0" encoding="UTF-8"?>
<testng-results skipped="0" failed="0" total="1" passed="1">
  <reporter-output>
  </reporter-output>
  <suite name="Default suite" duration-ms="99" started-at="2017-04-28T13:04:36Z" finished-at="2017-04-28T13:04:36Z">
    <groups>
    </groups>
    <test name="Default test" duration-ms="99" started-at="2017-04-28T13:04:36Z" finished-at="2017-04-28T13:04:36Z">
      <class name="com.jenkins.JenkinsDemoMaven">
        <test-method status="PASS" signature="beforeSuite()[pri:0, instance:com.jenkins.JenkinsDemoMaven@458ad742]" name="beforeSuite" is-config="true" duration-ms="28824" started-at="2017-04-28T06:04:07Z" finished-at="2017-04-28T06:04:36Z">
          <reporter-output>
          </reporter-output>
        </test-method> <!-- beforeSuite -->
        <test-method status="PASS" signature="verifyTitle()[pri:0, instance:com.jenkins.JenkinsDemoMaven@458ad742]" name="verifyTitle" duration-ms="63" started-at="2017-04-28T06:04:36Z" finished-at="2017-04-28T06:04:36Z">
          <reporter-output>
          </reporter-output>
        </test-method> <!-- verifyTitle -->
      </class> <!-- com.jenkins.JenkinsDemoMaven -->
    </test> <!-- Default test -->
  </suite> <!-- Default suite -->
</testng-results>
