<?xml version="1.0" encoding="UTF-8"?>
<testng-results skipped="0" failed="0" total="1" passed="1">
  <reporter-output>
  </reporter-output>
  <suite name="Default suite" duration-ms="165" started-at="2017-04-28T03:04:14Z" finished-at="2017-04-28T03:04:15Z">
    <groups>
    </groups>
    <test name="Default test" duration-ms="165" started-at="2017-04-28T03:04:14Z" finished-at="2017-04-28T03:04:15Z">
      <class name="com.jenkins.JenkinsDemoMaven">
        <test-method status="PASS" signature="beforeSuite()[pri:0, instance:com.jenkins.JenkinsDemoMaven@2669b199]" name="beforeSuite" is-config="true" duration-ms="12750" started-at="2017-04-27T20:04:02Z" finished-at="2017-04-27T20:04:14Z">
          <reporter-output>
          </reporter-output>
        </test-method> <!-- beforeSuite -->
        <test-method status="PASS" signature="verifyTitle()[pri:0, instance:com.jenkins.JenkinsDemoMaven@2669b199]" name="verifyTitle" duration-ms="142" started-at="2017-04-27T20:04:14Z" finished-at="2017-04-27T20:04:15Z">
          <reporter-output>
          </reporter-output>
        </test-method> <!-- verifyTitle -->
      </class> <!-- com.jenkins.JenkinsDemoMaven -->
    </test> <!-- Default test -->
  </suite> <!-- Default suite -->
</testng-results>
